0 silly argv {
0 silly argv   _: [ 'run' ],
0 silly argv   parallel: true,
0 silly argv   lernaVersion: '3.22.1',
0 silly argv   '$0': 'node_modules/.bin/lerna',
0 silly argv   script: 'build'
0 silly argv }
1 notice cli v3.22.1
2 verbose rootPath /Users/matthewblack/atomicfinance/chainabstractionlayer-finance
3 info Executing command in 6 packages: "npm run build"
4 silly npmRunScript.stream [ 'build', [], '@atomicfinance/bitcoin-cfd-provider' ]
5 silly getExecOpts /Users/matthewblack/atomicfinance/chainabstractionlayer-finance/packages/bitcoin-cfd-provider undefined
6 silly npmRunScript.stream [ 'build', [], '@atomicfinance/bitcoin-dlc-provider' ]
7 silly getExecOpts /Users/matthewblack/atomicfinance/chainabstractionlayer-finance/packages/bitcoin-dlc-provider undefined
8 silly npmRunScript.stream [ 'build', [], '@atomicfinance/bitcoin-wallet-provider' ]
9 silly getExecOpts /Users/matthewblack/atomicfinance/chainabstractionlayer-finance/packages/bitcoin-wallet-provider undefined
10 silly npmRunScript.stream [ 'build', [], '@atomicfinance/bundle' ]
11 silly getExecOpts /Users/matthewblack/atomicfinance/chainabstractionlayer-finance/packages/bundle undefined
12 silly npmRunScript.stream [ 'build', [], '@atomicfinance/client' ]
13 silly getExecOpts /Users/matthewblack/atomicfinance/chainabstractionlayer-finance/packages/client undefined
14 silly npmRunScript.stream [ 'build', [], '@atomicfinance/provider' ]
15 silly getExecOpts /Users/matthewblack/atomicfinance/chainabstractionlayer-finance/packages/provider undefined
16 error Error: Command failed: npm run build
16 error
16 error webpack is watching the files…
16 error
16 error Assertion failed: (napi_create_string_utf8(env, events->events[idx].path, NAPI_AUTO_LENGTH, &args[0]) == napi_ok), function fse_dispatch_event, file ../src/fsevents.c, line 147.
16 error
16 error
16 error > @atomicfinance/bitcoin-cfd-provider@0.2.2 build
16 error > webpack --config ../../webpack/webpack.config.js
16 error
16 error Child
16 error     Hash: 8878e8fcf8a371c31570
16 error     Version: webpack 4.46.0
16 error     Time: 11514ms
16 error     Built at: 2021-01-19 8:13:50 p.m.
16 error      28 assets
16 error     Entrypoint main =
16 error       [5] (webpack)/buildin/global.js 472 bytes {0} [built]
16 error      [40] (webpack)/buildin/module.js 497 bytes {0} [built]
16 error     [116] util (ignored) 15 bytes {0} [built]
16 error     [118] util (ignored) 15 bytes {0} [built]
16 error     [128] util (ignored) 15 bytes {0} [built]
16 error     [130] util (ignored) 15 bytes {0} [built]
16 error     [156] buffer (ignored) 15 bytes {0} [optional] [built]
16 error     [157] crypto (ignored) 15 bytes {0} [optional] [built]
16 error     [162] util (ignored) 15 bytes {0} [built]
16 error     [164] util (ignored) 15 bytes {0} [built]
16 error     [171] buffer (ignored) 15 bytes {0} [optional] [built]
16 error     [190] buffer (ignored) 15 bytes {0} [optional] [built]
16 error     [207] ./lib/index.ts + 2 modules 16.1 KiB {0} [built]
16 error           | ./lib/index.ts 90 bytes [built]
16 error           | ./lib/BitcoinCfdProvider.ts 15.7 KiB [built]
16 error           | ./lib/cfdjsHelper.ts 303 bytes [built]
16 error         + 195 hidden modules
16 error
16 error     ERROR in ./lib/BitcoinCfdProvider.ts
16 error     Module not found: Error: Can't resolve '@atomicfinance/provider' in '/Users/matthewblack/atomicfinance/chainabstractionlayer-finance/packages/bitcoin-cfd-provider/lib'
16 error      @ ./lib/BitcoinCfdProvider.ts 11:0-47 13:48-56
16 error      @ ./lib/index.ts
16 error
16 error     ERROR in chunk main [entry]
16 error     bitcoin-cfd-provider.min.js
16 error     /Users/matthewblack/atomicfinance/chainabstractionlayer-finance/node_modules/ts-loader/index.js!/Users/matthewblack/atomicfinance/chainabstractionlayer-finance/packages/bitcoin-cfd-provider/lib/index.ts 1a9b3e595deb8afa0c7a289105a9c41a
16 error     Unexpected token (14:33)
16 error     |
16 error     |
16 error     | class BitcoinCfdProvider extends !(function webpackMissingModule() { var e = new Error("Cannot find module '@atomicfinance/provider'"); e.code = 'MODULE_NOT_FOUND'; throw e; }()) {
16 error     |     constructor(network) {
16 error     |         super('BitcoinCfdProvider');
16 error Child
16 error        10 modules
16 error
16 error     ERROR in ./lib/BitcoinCfdProvider.ts
16 error     Module not found: Error: Can't resolve '@atomicfinance/provider' in '/Users/matthewblack/atomicfinance/chainabstractionlayer-finance/packages/bitcoin-cfd-provider/lib'
16 error
16 error     ERROR in chunk main [entry]
16 error     index.cjs.js
16 error     /Users/matthewblack/atomicfinance/chainabstractionlayer-finance/node_modules/ts-loader/index.js!/Users/matthewblack/atomicfinance/chainabstractionlayer-finance/packages/bitcoin-cfd-provider/lib/index.ts a25762d687bbb3b0109ac85b1777c19f
16 error     Unexpected token (14:33)
16 error     |
16 error     |
16 error     | class BitcoinCfdProvider extends !(function webpackMissingModule() { var e = new Error("Cannot find module '@atomicfinance/provider'"); e.code = 'MODULE_NOT_FOUND'; throw e; }()) {
16 error     |     constructor(network) {
16 error     |         super('BitcoinCfdProvider');
16 error Hash: 2c4b05e84445f5c4d8a1
16 error Version: webpack 4.46.0
16 error Child
16 error     Hash: 2c4b05e84445f5c4d8a1
16 error     Time: 7552ms
16 error     Built at: 2021-01-19 8:13:53 p.m.
16 error                                                              Asset       Size  Chunks                   Chunk Names
16 error     ../../../dist/bitcoin-cfd-provider/lib/BitcoinCfdProvider.d.ts   10.6 KiB          [emitted]
16 error            ../../../dist/bitcoin-cfd-provider/lib/cfdjsHelper.d.ts  205 bytes          [emitted]
16 error                  ../../../dist/bitcoin-cfd-provider/lib/index.d.ts   90 bytes          [emitted]
16 error                                                       index.cjs.js     90 KiB       0  [emitted]        main
16 error                                                   index.cjs.js.map    280 KiB       0  [emitted] [dev]  main
16 error     Entrypoint main = index.cjs.js index.cjs.js.map
16 error      [1] external "path" 42 bytes {0} [built]
16 error      [3] ../provider/dist/index.cjs.js 1.16 KiB {0} [built]
16 error      [7] external "fs" 42 bytes {0} [built]
16 error      [8] external "crypto" 42 bytes {0} [optional] [built]
16 error     [10] ./lib/index.ts + 3 modules 17.8 KiB {0} [built]
16 error          | ./lib/index.ts 90 bytes [built]
16 error          | ./lib/BitcoinCfdProvider.ts 15.7 KiB [built]
16 error          | ./lib/cfdjsHelper.ts 303 bytes [built]
16 error          |     + 1 hidden module
16 error         + 6 hidden modules
16 error Hash: 1b61776b39d2f1931291
16 error Version: webpack 4.46.0
16 error Child
16 error     Hash: 1b61776b39d2f1931291
16 error     Time: 11538ms
16 error     Built at: 2021-01-19 8:14:02 p.m.
16 error                                                              Asset       Size  Chunks                          Chunk Names
16 error     ../../../dist/bitcoin-cfd-provider/lib/BitcoinCfdProvider.d.ts   10.6 KiB          [emitted]
16 error            ../../../dist/bitcoin-cfd-provider/lib/cfdjsHelper.d.ts  205 bytes          [emitted]
16 error                  ../../../dist/bitcoin-cfd-provider/lib/index.d.ts   90 bytes          [emitted]
16 error                                        bitcoin-cfd-provider.min.js    547 KiB       0  [emitted]        [big]  main
16 error                                    bitcoin-cfd-provider.min.js.map   1.88 MiB       0  [emitted] [dev]         main
16 error     Entrypoint main [big] = bitcoin-cfd-provider.min.js bitcoin-cfd-provider.min.js.map
16 error       [5] (webpack)/buildin/global.js 472 bytes {0} [built]
16 error      [40] (webpack)/buildin/module.js 497 bytes {0} [built]
16 error     [107] ../provider/dist/index.cjs.js 1.16 KiB {0} [built]
16 error     [117] util (ignored) 15 bytes {0} [built]
16 error     [119] util (ignored) 15 bytes {0} [built]
16 error     [129] util (ignored) 15 bytes {0} [built]
16 error     [131] util (ignored) 15 bytes {0} [built]
16 error     [157] buffer (ignored) 15 bytes {0} [optional] [built]
16 error     [158] crypto (ignored) 15 bytes {0} [optional] [built]
16 error     [163] util (ignored) 15 bytes {0} [built]
16 error     [165] util (ignored) 15 bytes {0} [built]
16 error     [172] buffer (ignored) 15 bytes {0} [optional] [built]
16 error     [191] buffer (ignored) 15 bytes {0} [optional] [built]
16 error     [208] ./lib/index.ts + 2 modules 16.1 KiB {0} [built]
16 error           | ./lib/index.ts 90 bytes [built]
16 error           | ./lib/BitcoinCfdProvider.ts 15.7 KiB [built]
16 error           | ./lib/cfdjsHelper.ts 303 bytes [built]
16 error         + 195 hidden modules
16 error
16 error     WARNING in asset size limit: The following asset(s) exceed the recommended size limit (244 KiB).
16 error     This can impact web performance.
16 error     Assets:
16 error       bitcoin-cfd-provider.min.js (547 KiB)
16 error
16 error     WARNING in entrypoint size limit: The following entrypoint(s) combined asset size exceeds the recommended limit (244 KiB). This can impact web performance.
16 error     Entrypoints:
16 error       main (547 KiB)
16 error           bitcoin-cfd-provider.min.js
16 error
16 error
16 error     WARNING in webpack performance recommendations:
16 error     You can limit the size of your bundles by using import() or require.ensure to lazy load some parts of your application.
16 error     For more info visit https://webpack.js.org/guides/code-splitting/
16 error
16 error     at makeError (/Users/matthewblack/atomicfinance/chainabstractionlayer-finance/node_modules/execa/index.js:174:9)
16 error     at /Users/matthewblack/atomicfinance/chainabstractionlayer-finance/node_modules/execa/index.js:278:16
